-------------------------------------------------------------------------------
Test set: com.example.HumanEval_55Test
-------------------------------------------------------------------------------
Tests run: 10, Failures: 1, Errors: 0, Skipped: 0, Time elapsed: 0 s <<< FAILURE! - in com.example.HumanEval_55Test
testFib63(com.example.HumanEval_55Test)  Time elapsed: 0 s  <<< FAILURE!
java.lang.AssertionError: expected:<6557470319842> but was:<-944741150>
	at com.example.HumanEval_55Test.testFib63(HumanEval_55Test.java:56)

