-------------------------------------------------------------------------------
Test set: com.example.HumanEval_114Test
-------------------------------------------------------------------------------
Tests run: 20, Failures: 1, Errors: 0, Skipped: 0, Time elapsed: 0 s <<< FAILURE! - in com.example.HumanEval_114Test
test_13(com.example.HumanEval_114Test)  Time elapsed: 0 s  <<< FAILURE!
java.lang.AssertionError: expected:<false> but was:<0>
	at com.example.HumanEval_114Test.test_13(HumanEval_114Test.java:77)

