-------------------------------------------------------------------------------
Test set: com.example.HumanEval_47Test
-------------------------------------------------------------------------------
Tests run: 13, Failures: 1, Errors: 0, Skipped: 0, Time elapsed: 0 s <<< FAILURE! - in com.example.HumanEval_47Test
testMedian_1(com.example.HumanEval_47Test)  Time elapsed: 0 s  <<< FAILURE!
java.lang.AssertionError: expected:<15.0> but was:<8.0>
	at com.example.HumanEval_47Test.testMedian_1(HumanEval_47Test.java:19)

