-------------------------------------------------------------------------------
Test set: com.example.HumanEval_8Test
-------------------------------------------------------------------------------
Tests run: 9, Failures: 1, Errors: 0, Skipped: 0, Time elapsed: 0 s <<< FAILURE! - in com.example.HumanEval_8Test
testSumProduct8(com.example.HumanEval_8Test)  Time elapsed: 0 s  <<< FAILURE!
org.junit.internal.ArrayComparisonFailure: arrays first differed at element [1]; expected:<0> but was:<1>
	at com.example.HumanEval_8Test.testSumProduct8(HumanEval_8Test.java:63)

