-------------------------------------------------------------------------------
Test set: com.example.HumanEval_81Test
-------------------------------------------------------------------------------
Tests run: 1, Failures: 0, Errors: 1, Skipped: 0, Time elapsed: 0 s <<< FAILURE! - in com.example.HumanEval_81Test
testNumericalLetterGrade(com.example.HumanEval_81Test)  Time elapsed: 0 s  <<< ERROR!
java.lang.NoClassDefFoundError: com/example/HumanEval_81
	at com.example.HumanEval_81Test.testNumericalLetterGrade(HumanEval_81Test.java:11)
Caused by: java.lang.ClassNotFoundException: com.example.HumanEval_81
	at com.example.HumanEval_81Test.testNumericalLetterGrade(HumanEval_81Test.java:11)

