-------------------------------------------------------------------------------
Test set: com.example.HumanEval_161Test
-------------------------------------------------------------------------------
Tests run: 13, Failures: 1, Errors: 0, Skipped: 0, Time elapsed: 0.002 s <<< FAILURE! - in com.example.HumanEval_161Test
test_solve_11(com.example.HumanEval_161Test)  Time elapsed: 0.001 s  <<< FAILURE!
org.junit.ComparisonFailure: expected:<...حبر다음 네그이버버 블로그تحيوु[प]م الحالاتxÜBDEF> but was:<...حبر다음 네그이버버 블로그تحيوु[پ]م الحالاتxÜBDEF>
	at com.example.HumanEval_161Test.test_solve_11(HumanEval_161Test.java:65)

