-------------------------------------------------------------------------------
Test set: com.example.HumanEval_90Test
-------------------------------------------------------------------------------
Tests run: 13, Failures: 0, Errors: 5, Skipped: 0, Time elapsed: 0 s <<< FAILURE! - in com.example.HumanEval_90Test
test_12(com.example.HumanEval_90Test)  Time elapsed: 0 s  <<< ERROR!
java.lang.NoClassDefFoundError: com/example/HumanEval_90
	at com.example.HumanEval_90Test.test_12(HumanEval_90Test.java:75)
Caused by: java.lang.ClassNotFoundException: com.example.HumanEval_90
	at com.example.HumanEval_90Test.test_12(HumanEval_90Test.java:75)

test_2(com.example.HumanEval_90Test)  Time elapsed: 0 s  <<< ERROR!
java.lang.NoClassDefFoundError: com/example/HumanEval_90
	at com.example.HumanEval_90Test.test_2(HumanEval_90Test.java:21)

test_3(com.example.HumanEval_90Test)  Time elapsed: 0 s  <<< ERROR!
java.lang.NoClassDefFoundError: com/example/HumanEval_90
	at com.example.HumanEval_90Test.test_3(HumanEval_90Test.java:27)

test_5(com.example.HumanEval_90Test)  Time elapsed: 0 s  <<< ERROR!
java.lang.NoClassDefFoundError: com/example/HumanEval_90
	at com.example.HumanEval_90Test.test_5(HumanEval_90Test.java:39)

test_8(com.example.HumanEval_90Test)  Time elapsed: 0 s  <<< ERROR!
java.lang.NoClassDefFoundError: com/example/HumanEval_90
	at com.example.HumanEval_90Test.test_8(HumanEval_90Test.java:57)

