-------------------------------------------------------------------------------
Test set: com.example.HumanEval_23Test
-------------------------------------------------------------------------------
Tests run: 8, Failures: 0, Errors: 8, Skipped: 0, Time elapsed: 0.001 s <<< FAILURE! - in com.example.HumanEval_23Test
testStrlen0(com.example.HumanEval_23Test)  Time elapsed: 0 s  <<< ERROR!
java.lang.NoClassDefFoundError: com/example/HumanEval_23
	at com.example.HumanEval_23Test.testStrlen0(HumanEval_23Test.java:8)
Caused by: java.lang.ClassNotFoundException: com.example.HumanEval_23
	at com.example.HumanEval_23Test.testStrlen0(HumanEval_23Test.java:8)

testStrlen1(com.example.HumanEval_23Test)  Time elapsed: 0 s  <<< ERROR!
java.lang.NoClassDefFoundError: com/example/HumanEval_23
	at com.example.HumanEval_23Test.testStrlen1(HumanEval_23Test.java:13)

testStrlen2(com.example.HumanEval_23Test)  Time elapsed: 0 s  <<< ERROR!
java.lang.NoClassDefFoundError: com/example/HumanEval_23
	at com.example.HumanEval_23Test.testStrlen2(HumanEval_23Test.java:18)

testStrlen3(com.example.HumanEval_23Test)  Time elapsed: 0 s  <<< ERROR!
java.lang.NoClassDefFoundError: com/example/HumanEval_23
	at com.example.HumanEval_23Test.testStrlen3(HumanEval_23Test.java:23)

testStrlen4(com.example.HumanEval_23Test)  Time elapsed: 0 s  <<< ERROR!
java.lang.NoClassDefFoundError: com/example/HumanEval_23
	at com.example.HumanEval_23Test.testStrlen4(HumanEval_23Test.java:28)

testStrlen5(com.example.HumanEval_23Test)  Time elapsed: 0 s  <<< ERROR!
java.lang.NoClassDefFoundError: com/example/HumanEval_23
	at com.example.HumanEval_23Test.testStrlen5(HumanEval_23Test.java:33)

testStrlen6(com.example.HumanEval_23Test)  Time elapsed: 0 s  <<< ERROR!
java.lang.NoClassDefFoundError: com/example/HumanEval_23
	at com.example.HumanEval_23Test.testStrlen6(HumanEval_23Test.java:38)

testStrlen7(com.example.HumanEval_23Test)  Time elapsed: 0 s  <<< ERROR!
java.lang.NoClassDefFoundError: com/example/HumanEval_23
	at com.example.HumanEval_23Test.testStrlen7(HumanEval_23Test.java:43)

