-------------------------------------------------------------------------------
Test set: com.example.HumanEval_93Test
-------------------------------------------------------------------------------
Tests run: 10, Failures: 0, Errors: 10, Skipped: 0, Time elapsed: 0 s <<< FAILURE! - in com.example.HumanEval_93Test
testEncode_10(com.example.HumanEval_93Test)  Time elapsed: 0 s  <<< ERROR!
java.lang.NoClassDefFoundError: com/example/HumanEval_93
	at com.example.HumanEval_93Test.testEncode_10(HumanEval_93Test.java:55)
Caused by: java.lang.ClassNotFoundException: com.example.HumanEval_93
	at com.example.HumanEval_93Test.testEncode_10(HumanEval_93Test.java:55)

testEncode_1(com.example.HumanEval_93Test)  Time elapsed: 0 s  <<< ERROR!
java.lang.NoClassDefFoundError: com/example/HumanEval_93
	at com.example.HumanEval_93Test.testEncode_1(HumanEval_93Test.java:10)

testEncode_2(com.example.HumanEval_93Test)  Time elapsed: 0 s  <<< ERROR!
java.lang.NoClassDefFoundError: com/example/HumanEval_93
	at com.example.HumanEval_93Test.testEncode_2(HumanEval_93Test.java:15)

testEncode_3(com.example.HumanEval_93Test)  Time elapsed: 0 s  <<< ERROR!
java.lang.NoClassDefFoundError: com/example/HumanEval_93
	at com.example.HumanEval_93Test.testEncode_3(HumanEval_93Test.java:20)

testEncode_4(com.example.HumanEval_93Test)  Time elapsed: 0 s  <<< ERROR!
java.lang.NoClassDefFoundError: com/example/HumanEval_93
	at com.example.HumanEval_93Test.testEncode_4(HumanEval_93Test.java:25)

testEncode_5(com.example.HumanEval_93Test)  Time elapsed: 0 s  <<< ERROR!
java.lang.NoClassDefFoundError: com/example/HumanEval_93
	at com.example.HumanEval_93Test.testEncode_5(HumanEval_93Test.java:30)

testEncode_6(com.example.HumanEval_93Test)  Time elapsed: 0 s  <<< ERROR!
java.lang.NoClassDefFoundError: com/example/HumanEval_93
	at com.example.HumanEval_93Test.testEncode_6(HumanEval_93Test.java:35)

testEncode_7(com.example.HumanEval_93Test)  Time elapsed: 0 s  <<< ERROR!
java.lang.NoClassDefFoundError: com/example/HumanEval_93
	at com.example.HumanEval_93Test.testEncode_7(HumanEval_93Test.java:40)

testEncode_8(com.example.HumanEval_93Test)  Time elapsed: 0 s  <<< ERROR!
java.lang.NoClassDefFoundError: com/example/HumanEval_93
	at com.example.HumanEval_93Test.testEncode_8(HumanEval_93Test.java:45)

testEncode_9(com.example.HumanEval_93Test)  Time elapsed: 0 s  <<< ERROR!
java.lang.NoClassDefFoundError: com/example/HumanEval_93
	at com.example.HumanEval_93Test.testEncode_9(HumanEval_93Test.java:50)

