-------------------------------------------------------------------------------
Test set: com.example.HumanEval_116Test
-------------------------------------------------------------------------------
Tests run: 14, Failures: 3, Errors: 0, Skipped: 0, Time elapsed: 0.003 s <<< FAILURE! - in com.example.HumanEval_116Test
testSortArray1(com.example.HumanEval_116Test)  Time elapsed: 0 s  <<< FAILURE!
org.junit.internal.ArrayComparisonFailure: arrays first differed at element [0]; expected:<-4> but was:<-6>
	at com.example.HumanEval_116Test.testSortArray1(HumanEval_116Test.java:19)

testSortArray11(com.example.HumanEval_116Test)  Time elapsed: 0 s  <<< FAILURE!
org.junit.internal.ArrayComparisonFailure: arrays first differed at element [1]; expected:<-2> but was:<1>
	at com.example.HumanEval_116Test.testSortArray11(HumanEval_116Test.java:89)

testSortArray12(com.example.HumanEval_116Test)  Time elapsed: 0.002 s  <<< FAILURE!
org.junit.internal.ArrayComparisonFailure: arrays first differed at element [1]; expected:<-8> but was:<1>
	at com.example.HumanEval_116Test.testSortArray12(HumanEval_116Test.java:96)

