-------------------------------------------------------------------------------
Test set: com.example.HumanEval_68Test
-------------------------------------------------------------------------------
Tests run: 5, Failures: 0, Errors: 5, Skipped: 0, Time elapsed: 0 s <<< FAILURE! - in com.example.HumanEval_68Test
testPluck0(com.example.HumanEval_68Test)  Time elapsed: 0 s  <<< ERROR!
java.lang.NoClassDefFoundError: com/example/HumanEval_68
	at com.example.HumanEval_68Test.testPluck0(HumanEval_68Test.java:10)
Caused by: java.lang.ClassNotFoundException: com.example.HumanEval_68
	at com.example.HumanEval_68Test.testPluck0(HumanEval_68Test.java:10)

testPluck1(com.example.HumanEval_68Test)  Time elapsed: 0 s  <<< ERROR!
java.lang.NoClassDefFoundError: com/example/HumanEval_68
	at com.example.HumanEval_68Test.testPluck1(HumanEval_68Test.java:17)

testPluck2(com.example.HumanEval_68Test)  Time elapsed: 0 s  <<< ERROR!
java.lang.NoClassDefFoundError: com/example/HumanEval_68
	at com.example.HumanEval_68Test.testPluck2(HumanEval_68Test.java:24)

testPluck3(com.example.HumanEval_68Test)  Time elapsed: 0 s  <<< ERROR!
java.lang.NoClassDefFoundError: com/example/HumanEval_68
	at com.example.HumanEval_68Test.testPluck3(HumanEval_68Test.java:31)

testPluck4(com.example.HumanEval_68Test)  Time elapsed: 0 s  <<< ERROR!
java.lang.NoClassDefFoundError: com/example/HumanEval_68
	at com.example.HumanEval_68Test.testPluck4(HumanEval_68Test.java:38)

