-------------------------------------------------------------------------------
Test set: com.example.HumanEval_26Test
-------------------------------------------------------------------------------
Tests run: 7, Failures: 0, Errors: 7, Skipped: 0, Time elapsed: 0 s <<< FAILURE! - in com.example.HumanEval_26Test
testRemoveDuplicates_0(com.example.HumanEval_26Test)  Time elapsed: 0 s  <<< ERROR!
java.lang.NoClassDefFoundError: com/example/HumanEval_26
	at com.example.HumanEval_26Test.testRemoveDuplicates_0(HumanEval_26Test.java:10)
Caused by: java.lang.ClassNotFoundException: com.example.HumanEval_26
	at com.example.HumanEval_26Test.testRemoveDuplicates_0(HumanEval_26Test.java:10)

testRemoveDuplicates_1(com.example.HumanEval_26Test)  Time elapsed: 0 s  <<< ERROR!
java.lang.NoClassDefFoundError: com/example/HumanEval_26
	at com.example.HumanEval_26Test.testRemoveDuplicates_1(HumanEval_26Test.java:15)

testRemoveDuplicates_2(com.example.HumanEval_26Test)  Time elapsed: 0 s  <<< ERROR!
java.lang.NoClassDefFoundError: com/example/HumanEval_26
	at com.example.HumanEval_26Test.testRemoveDuplicates_2(HumanEval_26Test.java:20)

testRemoveDuplicates_3(com.example.HumanEval_26Test)  Time elapsed: 0 s  <<< ERROR!
java.lang.NoClassDefFoundError: com/example/HumanEval_26
	at com.example.HumanEval_26Test.testRemoveDuplicates_3(HumanEval_26Test.java:25)

testRemoveDuplicates_4(com.example.HumanEval_26Test)  Time elapsed: 0 s  <<< ERROR!
java.lang.NoClassDefFoundError: com/example/HumanEval_26
	at com.example.HumanEval_26Test.testRemoveDuplicates_4(HumanEval_26Test.java:30)

testRemoveDuplicates_5(com.example.HumanEval_26Test)  Time elapsed: 0 s  <<< ERROR!
java.lang.NoClassDefFoundError: com/example/HumanEval_26
	at com.example.HumanEval_26Test.testRemoveDuplicates_5(HumanEval_26Test.java:35)

testRemoveDuplicates_6(com.example.HumanEval_26Test)  Time elapsed: 0 s  <<< ERROR!
java.lang.NoClassDefFoundError: com/example/HumanEval_26
	at com.example.HumanEval_26Test.testRemoveDuplicates_6(HumanEval_26Test.java:40)

