-------------------------------------------------------------------------------
Test set: com.example.HumanEval_151Test
-------------------------------------------------------------------------------
Tests run: 1, Failures: 1, Errors: 0, Skipped: 0, Time elapsed: 0 s <<< FAILURE! - in com.example.HumanEval_151Test
testDoubleTheDifference(com.example.HumanEval_151Test)  Time elapsed: 0 s  <<< FAILURE!
java.lang.AssertionError: expected:<59> but was:<50>
	at com.example.HumanEval_151Test.testDoubleTheDifference(HumanEval_151Test.java:16)

