-------------------------------------------------------------------------------
Test set: com.example.HumanEval_17Test
-------------------------------------------------------------------------------
Tests run: 10, Failures: 2, Errors: 0, Skipped: 0, Time elapsed: 0 s <<< FAILURE! - in com.example.HumanEval_17Test
testParseMusic_0(com.example.HumanEval_17Test)  Time elapsed: 0 s  <<< FAILURE!
java.lang.AssertionError
	at com.example.HumanEval_17Test.testParseMusic_0(HumanEval_17Test.java:13)

testParseMusic_7(com.example.HumanEval_17Test)  Time elapsed: 0 s  <<< FAILURE!
java.lang.AssertionError
	at com.example.HumanEval_17Test.testParseMusic_7(HumanEval_17Test.java:48)

