-------------------------------------------------------------------------------
Test set: com.example.HumanEval_101Test
-------------------------------------------------------------------------------
Tests run: 9, Failures: 1, Errors: 0, Skipped: 0, Time elapsed: 0 s <<< FAILURE! - in com.example.HumanEval_101Test
testWordsString_4(com.example.HumanEval_101Test)  Time elapsed: 0 s  <<< FAILURE!
java.lang.AssertionError: array lengths differed, expected.length=0 actual.length=1
	at com.example.HumanEval_101Test.testWordsString_4(HumanEval_101Test.java:35)

