-------------------------------------------------------------------------------
Test set: com.example.HumanEval_25Test
-------------------------------------------------------------------------------
Tests run: 15, Failures: 0, Errors: 15, Skipped: 0, Time elapsed: 0 s <<< FAILURE! - in com.example.HumanEval_25Test
testFactorize_10(com.example.HumanEval_25Test)  Time elapsed: 0 s  <<< ERROR!
java.lang.NoClassDefFoundError: com/example/HumanEval_25
	at com.example.HumanEval_25Test.testFactorize_10(HumanEval_25Test.java:60)
Caused by: java.lang.ClassNotFoundException: com.example.HumanEval_25
	at com.example.HumanEval_25Test.testFactorize_10(HumanEval_25Test.java:60)

testFactorize_11(com.example.HumanEval_25Test)  Time elapsed: 0 s  <<< ERROR!
java.lang.NoClassDefFoundError: com/example/HumanEval_25
	at com.example.HumanEval_25Test.testFactorize_11(HumanEval_25Test.java:65)

testFactorize_12(com.example.HumanEval_25Test)  Time elapsed: 0 s  <<< ERROR!
java.lang.NoClassDefFoundError: com/example/HumanEval_25
	at com.example.HumanEval_25Test.testFactorize_12(HumanEval_25Test.java:70)

testFactorize_13(com.example.HumanEval_25Test)  Time elapsed: 0 s  <<< ERROR!
java.lang.NoClassDefFoundError: com/example/HumanEval_25
	at com.example.HumanEval_25Test.testFactorize_13(HumanEval_25Test.java:75)

testFactorize_14(com.example.HumanEval_25Test)  Time elapsed: 0 s  <<< ERROR!
java.lang.NoClassDefFoundError: com/example/HumanEval_25
	at com.example.HumanEval_25Test.testFactorize_14(HumanEval_25Test.java:80)

testFactorize_0(com.example.HumanEval_25Test)  Time elapsed: 0 s  <<< ERROR!
java.lang.NoClassDefFoundError: com/example/HumanEval_25
	at com.example.HumanEval_25Test.testFactorize_0(HumanEval_25Test.java:10)

testFactorize_1(com.example.HumanEval_25Test)  Time elapsed: 0 s  <<< ERROR!
java.lang.NoClassDefFoundError: com/example/HumanEval_25
	at com.example.HumanEval_25Test.testFactorize_1(HumanEval_25Test.java:15)

testFactorize_2(com.example.HumanEval_25Test)  Time elapsed: 0 s  <<< ERROR!
java.lang.NoClassDefFoundError: com/example/HumanEval_25
	at com.example.HumanEval_25Test.testFactorize_2(HumanEval_25Test.java:20)

testFactorize_3(com.example.HumanEval_25Test)  Time elapsed: 0 s  <<< ERROR!
java.lang.NoClassDefFoundError: com/example/HumanEval_25
	at com.example.HumanEval_25Test.testFactorize_3(HumanEval_25Test.java:25)

testFactorize_4(com.example.HumanEval_25Test)  Time elapsed: 0 s  <<< ERROR!
java.lang.NoClassDefFoundError: com/example/HumanEval_25
	at com.example.HumanEval_25Test.testFactorize_4(HumanEval_25Test.java:30)

testFactorize_5(com.example.HumanEval_25Test)  Time elapsed: 0 s  <<< ERROR!
java.lang.NoClassDefFoundError: com/example/HumanEval_25
	at com.example.HumanEval_25Test.testFactorize_5(HumanEval_25Test.java:35)

testFactorize_6(com.example.HumanEval_25Test)  Time elapsed: 0 s  <<< ERROR!
java.lang.NoClassDefFoundError: com/example/HumanEval_25
	at com.example.HumanEval_25Test.testFactorize_6(HumanEval_25Test.java:40)

testFactorize_7(com.example.HumanEval_25Test)  Time elapsed: 0 s  <<< ERROR!
java.lang.NoClassDefFoundError: com/example/HumanEval_25
	at com.example.HumanEval_25Test.testFactorize_7(HumanEval_25Test.java:45)

testFactorize_8(com.example.HumanEval_25Test)  Time elapsed: 0 s  <<< ERROR!
java.lang.NoClassDefFoundError: com/example/HumanEval_25
	at com.example.HumanEval_25Test.testFactorize_8(HumanEval_25Test.java:50)

testFactorize_9(com.example.HumanEval_25Test)  Time elapsed: 0 s  <<< ERROR!
java.lang.NoClassDefFoundError: com/example/HumanEval_25
	at com.example.HumanEval_25Test.testFactorize_9(HumanEval_25Test.java:55)

