-------------------------------------------------------------------------------
Test set: com.example.HumanEval_16Test
-------------------------------------------------------------------------------
Tests run: 9, Failures: 0, Errors: 9, Skipped: 0, Time elapsed: 0 s <<< FAILURE! - in com.example.HumanEval_16Test
testCountDistinctCharacters0(com.example.HumanEval_16Test)  Time elapsed: 0 s  <<< ERROR!
java.lang.NoClassDefFoundError: com/example/HumanEval_16
	at com.example.HumanEval_16Test.testCountDistinctCharacters0(HumanEval_16Test.java:10)
Caused by: java.lang.ClassNotFoundException: com.example.HumanEval_16
	at com.example.HumanEval_16Test.testCountDistinctCharacters0(HumanEval_16Test.java:10)

testCountDistinctCharacters1(com.example.HumanEval_16Test)  Time elapsed: 0 s  <<< ERROR!
java.lang.NoClassDefFoundError: com/example/HumanEval_16
	at com.example.HumanEval_16Test.testCountDistinctCharacters1(HumanEval_16Test.java:15)

testCountDistinctCharacters2(com.example.HumanEval_16Test)  Time elapsed: 0 s  <<< ERROR!
java.lang.NoClassDefFoundError: com/example/HumanEval_16
	at com.example.HumanEval_16Test.testCountDistinctCharacters2(HumanEval_16Test.java:20)

testCountDistinctCharacters3(com.example.HumanEval_16Test)  Time elapsed: 0 s  <<< ERROR!
java.lang.NoClassDefFoundError: com/example/HumanEval_16
	at com.example.HumanEval_16Test.testCountDistinctCharacters3(HumanEval_16Test.java:25)

testCountDistinctCharacters4(com.example.HumanEval_16Test)  Time elapsed: 0 s  <<< ERROR!
java.lang.NoClassDefFoundError: com/example/HumanEval_16
	at com.example.HumanEval_16Test.testCountDistinctCharacters4(HumanEval_16Test.java:30)

testCountDistinctCharacters5(com.example.HumanEval_16Test)  Time elapsed: 0 s  <<< ERROR!
java.lang.NoClassDefFoundError: com/example/HumanEval_16
	at com.example.HumanEval_16Test.testCountDistinctCharacters5(HumanEval_16Test.java:35)

testCountDistinctCharacters6(com.example.HumanEval_16Test)  Time elapsed: 0 s  <<< ERROR!
java.lang.NoClassDefFoundError: com/example/HumanEval_16
	at com.example.HumanEval_16Test.testCountDistinctCharacters6(HumanEval_16Test.java:40)

testCountDistinctCharacters7(com.example.HumanEval_16Test)  Time elapsed: 0 s  <<< ERROR!
java.lang.NoClassDefFoundError: com/example/HumanEval_16
	at com.example.HumanEval_16Test.testCountDistinctCharacters7(HumanEval_16Test.java:45)

testCountDistinctCharacters8(com.example.HumanEval_16Test)  Time elapsed: 0 s  <<< ERROR!
java.lang.NoClassDefFoundError: com/example/HumanEval_16
	at com.example.HumanEval_16Test.testCountDistinctCharacters8(HumanEval_16Test.java:50)

