-------------------------------------------------------------------------------
Test set: com.example.HumanEval_1Test
-------------------------------------------------------------------------------
Tests run: 9, Failures: 0, Errors: 9, Skipped: 0, Time elapsed: 0.001 s <<< FAILURE! - in com.example.HumanEval_1Test
testCase0(com.example.HumanEval_1Test)  Time elapsed: 0 s  <<< ERROR!
java.lang.NoClassDefFoundError: com/example/HumanEval_1
	at com.example.HumanEval_1Test.testCase0(HumanEval_1Test.java:13)
Caused by: java.lang.ClassNotFoundException: com.example.HumanEval_1
	at com.example.HumanEval_1Test.testCase0(HumanEval_1Test.java:13)

testCase1(com.example.HumanEval_1Test)  Time elapsed: 0 s  <<< ERROR!
java.lang.NoClassDefFoundError: com/example/HumanEval_1
	at com.example.HumanEval_1Test.testCase1(HumanEval_1Test.java:19)

testCase2(com.example.HumanEval_1Test)  Time elapsed: 0 s  <<< ERROR!
java.lang.NoClassDefFoundError: com/example/HumanEval_1
	at com.example.HumanEval_1Test.testCase2(HumanEval_1Test.java:25)

testCase3(com.example.HumanEval_1Test)  Time elapsed: 0 s  <<< ERROR!
java.lang.NoClassDefFoundError: com/example/HumanEval_1
	at com.example.HumanEval_1Test.testCase3(HumanEval_1Test.java:31)

testCase4(com.example.HumanEval_1Test)  Time elapsed: 0 s  <<< ERROR!
java.lang.NoClassDefFoundError: com/example/HumanEval_1
	at com.example.HumanEval_1Test.testCase4(HumanEval_1Test.java:37)

testCase5(com.example.HumanEval_1Test)  Time elapsed: 0 s  <<< ERROR!
java.lang.NoClassDefFoundError: com/example/HumanEval_1
	at com.example.HumanEval_1Test.testCase5(HumanEval_1Test.java:43)

testCase6(com.example.HumanEval_1Test)  Time elapsed: 0 s  <<< ERROR!
java.lang.NoClassDefFoundError: com/example/HumanEval_1
	at com.example.HumanEval_1Test.testCase6(HumanEval_1Test.java:49)

testCase7(com.example.HumanEval_1Test)  Time elapsed: 0 s  <<< ERROR!
java.lang.NoClassDefFoundError: com/example/HumanEval_1
	at com.example.HumanEval_1Test.testCase7(HumanEval_1Test.java:55)

testCase8(com.example.HumanEval_1Test)  Time elapsed: 0 s  <<< ERROR!
java.lang.NoClassDefFoundError: com/example/HumanEval_1
	at com.example.HumanEval_1Test.testCase8(HumanEval_1Test.java:61)

