-------------------------------------------------------------------------------
Test set: com.example.HumanEval_89Test
-------------------------------------------------------------------------------
Tests run: 13, Failures: 0, Errors: 13, Skipped: 0, Time elapsed: 0 s <<< FAILURE! - in com.example.HumanEval_89Test
testEncrypt_0(com.example.HumanEval_89Test)  Time elapsed: 0 s  <<< ERROR!
java.lang.NoClassDefFoundError: com/example/HumanEval_89
	at com.example.HumanEval_89Test.testEncrypt_0(HumanEval_89Test.java:9)
Caused by: java.lang.ClassNotFoundException: com.example.HumanEval_89
	at com.example.HumanEval_89Test.testEncrypt_0(HumanEval_89Test.java:9)

testEncrypt_1(com.example.HumanEval_89Test)  Time elapsed: 0 s  <<< ERROR!
java.lang.NoClassDefFoundError: com/example/HumanEval_89
	at com.example.HumanEval_89Test.testEncrypt_1(HumanEval_89Test.java:14)

testEncrypt_2(com.example.HumanEval_89Test)  Time elapsed: 0 s  <<< ERROR!
java.lang.NoClassDefFoundError: com/example/HumanEval_89
	at com.example.HumanEval_89Test.testEncrypt_2(HumanEval_89Test.java:19)

testEncrypt_3(com.example.HumanEval_89Test)  Time elapsed: 0 s  <<< ERROR!
java.lang.NoClassDefFoundError: com/example/HumanEval_89
	at com.example.HumanEval_89Test.testEncrypt_3(HumanEval_89Test.java:24)

testEncrypt_4(com.example.HumanEval_89Test)  Time elapsed: 0 s  <<< ERROR!
java.lang.NoClassDefFoundError: com/example/HumanEval_89
	at com.example.HumanEval_89Test.testEncrypt_4(HumanEval_89Test.java:29)

testEncrypt_5(com.example.HumanEval_89Test)  Time elapsed: 0 s  <<< ERROR!
java.lang.NoClassDefFoundError: com/example/HumanEval_89
	at com.example.HumanEval_89Test.testEncrypt_5(HumanEval_89Test.java:34)

testEncrypt_6(com.example.HumanEval_89Test)  Time elapsed: 0 s  <<< ERROR!
java.lang.NoClassDefFoundError: com/example/HumanEval_89
	at com.example.HumanEval_89Test.testEncrypt_6(HumanEval_89Test.java:39)

testEncrypt_7(com.example.HumanEval_89Test)  Time elapsed: 0 s  <<< ERROR!
java.lang.NoClassDefFoundError: com/example/HumanEval_89
	at com.example.HumanEval_89Test.testEncrypt_7(HumanEval_89Test.java:44)

testEncrypt_8(com.example.HumanEval_89Test)  Time elapsed: 0 s  <<< ERROR!
java.lang.NoClassDefFoundError: com/example/HumanEval_89
	at com.example.HumanEval_89Test.testEncrypt_8(HumanEval_89Test.java:49)

testEncrypt_9(com.example.HumanEval_89Test)  Time elapsed: 0 s  <<< ERROR!
java.lang.NoClassDefFoundError: com/example/HumanEval_89
	at com.example.HumanEval_89Test.testEncrypt_9(HumanEval_89Test.java:54)

testEncrypt_10(com.example.HumanEval_89Test)  Time elapsed: 0 s  <<< ERROR!
java.lang.NoClassDefFoundError: com/example/HumanEval_89
	at com.example.HumanEval_89Test.testEncrypt_10(HumanEval_89Test.java:59)

testEncrypt_11(com.example.HumanEval_89Test)  Time elapsed: 0 s  <<< ERROR!
java.lang.NoClassDefFoundError: com/example/HumanEval_89
	at com.example.HumanEval_89Test.testEncrypt_11(HumanEval_89Test.java:64)

testEncrypt_12(com.example.HumanEval_89Test)  Time elapsed: 0 s  <<< ERROR!
java.lang.NoClassDefFoundError: com/example/HumanEval_89
	at com.example.HumanEval_89Test.testEncrypt_12(HumanEval_89Test.java:69)

