-------------------------------------------------------------------------------
Test set: com.example.HumanEval_129Test
-------------------------------------------------------------------------------
Tests run: 4, Failures: 0, Errors: 4, Skipped: 0, Time elapsed: 0 s <<< FAILURE! - in com.example.HumanEval_129Test
test_0(com.example.HumanEval_129Test)  Time elapsed: 0 s  <<< ERROR!
java.lang.NoClassDefFoundError: com/example/HumanEval_129
	at com.example.HumanEval_129Test.test_0(HumanEval_129Test.java:11)
Caused by: java.lang.ClassNotFoundException: com.example.HumanEval_129
	at com.example.HumanEval_129Test.test_0(HumanEval_129Test.java:11)

test_1(com.example.HumanEval_129Test)  Time elapsed: 0 s  <<< ERROR!
java.lang.NoClassDefFoundError: com/example/HumanEval_129
	at com.example.HumanEval_129Test.test_1(HumanEval_129Test.java:20)

test_2(com.example.HumanEval_129Test)  Time elapsed: 0 s  <<< ERROR!
java.lang.NoClassDefFoundError: com/example/HumanEval_129
	at com.example.HumanEval_129Test.test_2(HumanEval_129Test.java:29)

test_3(com.example.HumanEval_129Test)  Time elapsed: 0 s  <<< ERROR!
java.lang.NoClassDefFoundError: com/example/HumanEval_129
	at com.example.HumanEval_129Test.test_3(HumanEval_129Test.java:38)

