-------------------------------------------------------------------------------
Test set: com.example.HumanEval_50Test
-------------------------------------------------------------------------------
Tests run: 4, Failures: 1, Errors: 0, Skipped: 0, Time elapsed: 0 s <<< FAILURE! - in com.example.HumanEval_50Test
testDecodeShift_101(com.example.HumanEval_50Test)  Time elapsed: 0 s  <<< FAILURE!
org.junit.ComparisonFailure: expected:<zixjyzy[ihznnvbzirdoci]ncdao> but was:<zixjyzy[OhznnvbzOrdocO]ncdao>
	at com.example.HumanEval_50Test.testDecodeShift_101(HumanEval_50Test.java:27)

