-------------------------------------------------------------------------------
Test set: com.example.HumanEval_155Test
-------------------------------------------------------------------------------
Tests run: 13, Failures: 0, Errors: 13, Skipped: 0, Time elapsed: 0.002 s <<< FAILURE! - in com.example.HumanEval_155Test
testEvenOddCount_10(com.example.HumanEval_155Test)  Time elapsed: 0 s  <<< ERROR!
java.lang.NoClassDefFoundError: com/example/HumanEval_155
	at com.example.HumanEval_155Test.testEvenOddCount_10(HumanEval_155Test.java:59)
Caused by: java.lang.ClassNotFoundException: com.example.HumanEval_155
	at com.example.HumanEval_155Test.testEvenOddCount_10(HumanEval_155Test.java:59)

testEvenOddCount_11(com.example.HumanEval_155Test)  Time elapsed: 0 s  <<< ERROR!
java.lang.NoClassDefFoundError: com/example/HumanEval_155
	at com.example.HumanEval_155Test.testEvenOddCount_11(HumanEval_155Test.java:64)

testEvenOddCount_12(com.example.HumanEval_155Test)  Time elapsed: 0 s  <<< ERROR!
java.lang.NoClassDefFoundError: com/example/HumanEval_155
	at com.example.HumanEval_155Test.testEvenOddCount_12(HumanEval_155Test.java:69)

testEvenOddCount_0(com.example.HumanEval_155Test)  Time elapsed: 0 s  <<< ERROR!
java.lang.NoClassDefFoundError: com/example/HumanEval_155
	at com.example.HumanEval_155Test.testEvenOddCount_0(HumanEval_155Test.java:9)

testEvenOddCount_1(com.example.HumanEval_155Test)  Time elapsed: 0 s  <<< ERROR!
java.lang.NoClassDefFoundError: com/example/HumanEval_155
	at com.example.HumanEval_155Test.testEvenOddCount_1(HumanEval_155Test.java:14)

testEvenOddCount_2(com.example.HumanEval_155Test)  Time elapsed: 0 s  <<< ERROR!
java.lang.NoClassDefFoundError: com/example/HumanEval_155
	at com.example.HumanEval_155Test.testEvenOddCount_2(HumanEval_155Test.java:19)

testEvenOddCount_3(com.example.HumanEval_155Test)  Time elapsed: 0 s  <<< ERROR!
java.lang.NoClassDefFoundError: com/example/HumanEval_155
	at com.example.HumanEval_155Test.testEvenOddCount_3(HumanEval_155Test.java:24)

testEvenOddCount_4(com.example.HumanEval_155Test)  Time elapsed: 0.002 s  <<< ERROR!
java.lang.NoClassDefFoundError: com/example/HumanEval_155
	at com.example.HumanEval_155Test.testEvenOddCount_4(HumanEval_155Test.java:29)

testEvenOddCount_5(com.example.HumanEval_155Test)  Time elapsed: 0 s  <<< ERROR!
java.lang.NoClassDefFoundError: com/example/HumanEval_155
	at com.example.HumanEval_155Test.testEvenOddCount_5(HumanEval_155Test.java:34)

testEvenOddCount_6(com.example.HumanEval_155Test)  Time elapsed: 0 s  <<< ERROR!
java.lang.NoClassDefFoundError: com/example/HumanEval_155
	at com.example.HumanEval_155Test.testEvenOddCount_6(HumanEval_155Test.java:39)

testEvenOddCount_7(com.example.HumanEval_155Test)  Time elapsed: 0 s  <<< ERROR!
java.lang.NoClassDefFoundError: com/example/HumanEval_155
	at com.example.HumanEval_155Test.testEvenOddCount_7(HumanEval_155Test.java:44)

testEvenOddCount_8(com.example.HumanEval_155Test)  Time elapsed: 0 s  <<< ERROR!
java.lang.NoClassDefFoundError: com/example/HumanEval_155
	at com.example.HumanEval_155Test.testEvenOddCount_8(HumanEval_155Test.java:49)

testEvenOddCount_9(com.example.HumanEval_155Test)  Time elapsed: 0 s  <<< ERROR!
java.lang.NoClassDefFoundError: com/example/HumanEval_155
	at com.example.HumanEval_155Test.testEvenOddCount_9(HumanEval_155Test.java:54)

