-------------------------------------------------------------------------------
Test set: com.example.HumanEval_120Test
-------------------------------------------------------------------------------
Tests run: 3, Failures: 1, Errors: 0, Skipped: 0, Time elapsed: 0 s <<< FAILURE! - in com.example.HumanEval_120Test
test_0(com.example.HumanEval_120Test)  Time elapsed: 0 s  <<< FAILURE!
java.lang.AssertionError: expected:<[-4, -3, 5]> but was:<[5, -3, -4]>
	at com.example.HumanEval_120Test.test_0(HumanEval_120Test.java:14)

