-------------------------------------------------------------------------------
Test set: com.example.HumanEval_122Test
-------------------------------------------------------------------------------
Tests run: 8, Failures: 0, Errors: 8, Skipped: 0, Time elapsed: 0 s <<< FAILURE! - in com.example.HumanEval_122Test
testAddElements1(com.example.HumanEval_122Test)  Time elapsed: 0 s  <<< ERROR!
java.lang.NoClassDefFoundError: com/example/HumanEval_122
	at com.example.HumanEval_122Test.testAddElements1(HumanEval_122Test.java:10)
Caused by: java.lang.ClassNotFoundException: com.example.HumanEval_122
	at com.example.HumanEval_122Test.testAddElements1(HumanEval_122Test.java:10)

testAddElements2(com.example.HumanEval_122Test)  Time elapsed: 0 s  <<< ERROR!
java.lang.NoClassDefFoundError: com/example/HumanEval_122
	at com.example.HumanEval_122Test.testAddElements2(HumanEval_122Test.java:16)

testAddElements3(com.example.HumanEval_122Test)  Time elapsed: 0 s  <<< ERROR!
java.lang.NoClassDefFoundError: com/example/HumanEval_122
	at com.example.HumanEval_122Test.testAddElements3(HumanEval_122Test.java:22)

testAddElements4(com.example.HumanEval_122Test)  Time elapsed: 0 s  <<< ERROR!
java.lang.NoClassDefFoundError: com/example/HumanEval_122
	at com.example.HumanEval_122Test.testAddElements4(HumanEval_122Test.java:28)

testAddElements5(com.example.HumanEval_122Test)  Time elapsed: 0 s  <<< ERROR!
java.lang.NoClassDefFoundError: com/example/HumanEval_122
	at com.example.HumanEval_122Test.testAddElements5(HumanEval_122Test.java:34)

testAddElements6(com.example.HumanEval_122Test)  Time elapsed: 0 s  <<< ERROR!
java.lang.NoClassDefFoundError: com/example/HumanEval_122
	at com.example.HumanEval_122Test.testAddElements6(HumanEval_122Test.java:40)

testAddElements7(com.example.HumanEval_122Test)  Time elapsed: 0 s  <<< ERROR!
java.lang.NoClassDefFoundError: com/example/HumanEval_122
	at com.example.HumanEval_122Test.testAddElements7(HumanEval_122Test.java:46)

testAddElements8(com.example.HumanEval_122Test)  Time elapsed: 0 s  <<< ERROR!
java.lang.NoClassDefFoundError: com/example/HumanEval_122
	at com.example.HumanEval_122Test.testAddElements8(HumanEval_122Test.java:52)

