-------------------------------------------------------------------------------
Test set: com.example.HumanEval_113Test
-------------------------------------------------------------------------------
Tests run: 7, Failures: 6, Errors: 0, Skipped: 0, Time elapsed: 0 s <<< FAILURE! - in com.example.HumanEval_113Test
testOddCount1(com.example.HumanEval_113Test)  Time elapsed: 0 s  <<< FAILURE!
java.lang.AssertionError: expected:<[the number of odd elements 4 in the string 4 of the input.]> but was:<[the number of odd elements 4n the str4ng 4 of the 4nput.]>
	at com.example.HumanEval_113Test.testOddCount1(HumanEval_113Test.java:16)

testOddCount2(com.example.HumanEval_113Test)  Time elapsed: 0 s  <<< FAILURE!
java.lang.AssertionError: expected:<[the number of odd elements 1 in the string 1 of the input., the number of odd elements 8 in the string 8 of the input.]> but was:<[the number of odd elements 1n the str1ng 1 of the 1nput., the number of odd elements 8n the str8ng 8 of the 8nput.]>
	at com.example.HumanEval_113Test.testOddCount2(HumanEval_113Test.java:23)

testOddCount3(com.example.HumanEval_113Test)  Time elapsed: 0 s  <<< FAILURE!
java.lang.AssertionError: expected:<[the number of odd elements 2 in the string 2 of the input., the number of odd elements 3 in the string 3 of the input., the number of odd elements 2 in the string 2 of the input.]> but was:<[the number of odd elements 2n the str2ng 2 of the 2nput., the number of odd elements 3n the str3ng 3 of the 3nput., the number of odd elements 2n the str2ng 2 of the 2nput.]>
	at com.example.HumanEval_113Test.testOddCount3(HumanEval_113Test.java:30)

testOddCount4(com.example.HumanEval_113Test)  Time elapsed: 0 s  <<< FAILURE!
java.lang.AssertionError: expected:<[the number of odd elements 0 in the string 0 of the input.]> but was:<[the number of odd elements 0n the str0ng 0 of the 0nput.]>
	at com.example.HumanEval_113Test.testOddCount4(HumanEval_113Test.java:37)

testOddCount5(com.example.HumanEval_113Test)  Time elapsed: 0 s  <<< FAILURE!
java.lang.AssertionError: expected:<[the number of odd elements 5 in the string 5 of the input., the number of odd elements 0 in the string 0 of the input., the number of odd elements 3 in the string 3 of the input.]> but was:<[the number of odd elements 5n the str5ng 5 of the 5nput., the number of odd elements 0n the str0ng 0 of the 0nput., the number of odd elements 3n the str3ng 3 of the 3nput.]>
	at com.example.HumanEval_113Test.testOddCount5(HumanEval_113Test.java:44)

testOddCount6(com.example.HumanEval_113Test)  Time elapsed: 0 s  <<< FAILURE!
java.lang.AssertionError: expected:<[the number of odd elements 4 in the string 4 of the input., the number of odd elements 5 in the string 5 of the input., the number of odd elements 4 in the string 4 of the input.]> but was:<[the number of odd elements 4n the str4ng 4 of the 4nput., the number of odd elements 5n the str5ng 5 of the 5nput., the number of odd elements 4n the str4ng 4 of the 4nput.]>
	at com.example.HumanEval_113Test.testOddCount6(HumanEval_113Test.java:51)

