-------------------------------------------------------------------------------
Test set: com.example.HumanEval_54Test
-------------------------------------------------------------------------------
Tests run: 16, Failures: 0, Errors: 16, Skipped: 0, Time elapsed: 0 s <<< FAILURE! - in com.example.HumanEval_54Test
testSameChars_0(com.example.HumanEval_54Test)  Time elapsed: 0 s  <<< ERROR!
java.lang.NoClassDefFoundError: com/example/HumanEval_54
	at com.example.HumanEval_54Test.testSameChars_0(HumanEval_54Test.java:9)
Caused by: java.lang.ClassNotFoundException: com.example.HumanEval_54
	at com.example.HumanEval_54Test.testSameChars_0(HumanEval_54Test.java:9)

testSameChars_1(com.example.HumanEval_54Test)  Time elapsed: 0 s  <<< ERROR!
java.lang.NoClassDefFoundError: com/example/HumanEval_54
	at com.example.HumanEval_54Test.testSameChars_1(HumanEval_54Test.java:14)

testSameChars_2(com.example.HumanEval_54Test)  Time elapsed: 0 s  <<< ERROR!
java.lang.NoClassDefFoundError: com/example/HumanEval_54
	at com.example.HumanEval_54Test.testSameChars_2(HumanEval_54Test.java:19)

testSameChars_3(com.example.HumanEval_54Test)  Time elapsed: 0 s  <<< ERROR!
java.lang.NoClassDefFoundError: com/example/HumanEval_54
	at com.example.HumanEval_54Test.testSameChars_3(HumanEval_54Test.java:24)

testSameChars_4(com.example.HumanEval_54Test)  Time elapsed: 0 s  <<< ERROR!
java.lang.NoClassDefFoundError: com/example/HumanEval_54
	at com.example.HumanEval_54Test.testSameChars_4(HumanEval_54Test.java:29)

testSameChars_5(com.example.HumanEval_54Test)  Time elapsed: 0 s  <<< ERROR!
java.lang.NoClassDefFoundError: com/example/HumanEval_54
	at com.example.HumanEval_54Test.testSameChars_5(HumanEval_54Test.java:34)

testSameChars_6(com.example.HumanEval_54Test)  Time elapsed: 0 s  <<< ERROR!
java.lang.NoClassDefFoundError: com/example/HumanEval_54
	at com.example.HumanEval_54Test.testSameChars_6(HumanEval_54Test.java:39)

testSameChars_7(com.example.HumanEval_54Test)  Time elapsed: 0 s  <<< ERROR!
java.lang.NoClassDefFoundError: com/example/HumanEval_54
	at com.example.HumanEval_54Test.testSameChars_7(HumanEval_54Test.java:44)

testSameChars_8(com.example.HumanEval_54Test)  Time elapsed: 0 s  <<< ERROR!
java.lang.NoClassDefFoundError: com/example/HumanEval_54
	at com.example.HumanEval_54Test.testSameChars_8(HumanEval_54Test.java:49)

testSameChars_9(com.example.HumanEval_54Test)  Time elapsed: 0 s  <<< ERROR!
java.lang.NoClassDefFoundError: com/example/HumanEval_54
	at com.example.HumanEval_54Test.testSameChars_9(HumanEval_54Test.java:54)

testSameChars_10(com.example.HumanEval_54Test)  Time elapsed: 0 s  <<< ERROR!
java.lang.NoClassDefFoundError: com/example/HumanEval_54
	at com.example.HumanEval_54Test.testSameChars_10(HumanEval_54Test.java:59)

testSameChars_11(com.example.HumanEval_54Test)  Time elapsed: 0 s  <<< ERROR!
java.lang.NoClassDefFoundError: com/example/HumanEval_54
	at com.example.HumanEval_54Test.testSameChars_11(HumanEval_54Test.java:64)

testSameChars_12(com.example.HumanEval_54Test)  Time elapsed: 0 s  <<< ERROR!
java.lang.NoClassDefFoundError: com/example/HumanEval_54
	at com.example.HumanEval_54Test.testSameChars_12(HumanEval_54Test.java:69)

testSameChars_13(com.example.HumanEval_54Test)  Time elapsed: 0 s  <<< ERROR!
java.lang.NoClassDefFoundError: com/example/HumanEval_54
	at com.example.HumanEval_54Test.testSameChars_13(HumanEval_54Test.java:74)

testSameChars_14(com.example.HumanEval_54Test)  Time elapsed: 0 s  <<< ERROR!
java.lang.NoClassDefFoundError: com/example/HumanEval_54
	at com.example.HumanEval_54Test.testSameChars_14(HumanEval_54Test.java:79)

testSameChars_15(com.example.HumanEval_54Test)  Time elapsed: 0 s  <<< ERROR!
java.lang.NoClassDefFoundError: com/example/HumanEval_54
	at com.example.HumanEval_54Test.testSameChars_15(HumanEval_54Test.java:84)

