-------------------------------------------------------------------------------
Test set: com.example.HumanEval_49Test
-------------------------------------------------------------------------------
Tests run: 19, Failures: 4, Errors: 0, Skipped: 0, Time elapsed: 0.007 s <<< FAILURE! - in com.example.HumanEval_49Test
testModp9(com.example.HumanEval_49Test)  Time elapsed: 0 s  <<< FAILURE!
java.lang.AssertionError: expected:<437504> but was:<0>
	at com.example.HumanEval_49Test.testModp9(HumanEval_49Test.java:54)

testModp14(com.example.HumanEval_49Test)  Time elapsed: 0 s  <<< FAILURE!
java.lang.AssertionError: expected:<262144> but was:<0>
	at com.example.HumanEval_49Test.testModp14(HumanEval_49Test.java:79)

testModp17(com.example.HumanEval_49Test)  Time elapsed: 0 s  <<< FAILURE!
java.lang.AssertionError: expected:<2> but was:<0>
	at com.example.HumanEval_49Test.testModp17(HumanEval_49Test.java:94)

testModp18(com.example.HumanEval_49Test)  Time elapsed: 0.005 s  <<< FAILURE!
java.lang.AssertionError: expected:<54811> but was:<0>
	at com.example.HumanEval_49Test.testModp18(HumanEval_49Test.java:99)

