-------------------------------------------------------------------------------
Test set: com.example.HumanEval_32Test
-------------------------------------------------------------------------------
Tests run: 3, Failures: 0, Errors: 3, Skipped: 0, Time elapsed: 0.001 s <<< FAILURE! - in com.example.HumanEval_32Test
test_101(com.example.HumanEval_32Test)  Time elapsed: 0 s  <<< ERROR!
java.lang.NoClassDefFoundError: com/example/HumanEval_32
	at com.example.HumanEval_32Test.test_101(HumanEval_32Test.java:31)
Caused by: java.lang.ClassNotFoundException: com.example.HumanEval_32
	at com.example.HumanEval_32Test.test_101(HumanEval_32Test.java:31)

test_0(com.example.HumanEval_32Test)  Time elapsed: 0 s  <<< ERROR!
java.lang.NoClassDefFoundError: com/example/HumanEval_32
	at com.example.HumanEval_32Test.test_0(HumanEval_32Test.java:17)

test_1(com.example.HumanEval_32Test)  Time elapsed: 0 s  <<< ERROR!
java.lang.NoClassDefFoundError: com/example/HumanEval_32
	at com.example.HumanEval_32Test.test_1(HumanEval_32Test.java:23)

