-------------------------------------------------------------------------------
Test set: com.example.HumanEval_126Test
-------------------------------------------------------------------------------
Tests run: 21, Failures: 1, Errors: 0, Skipped: 0, Time elapsed: 0 s <<< FAILURE! - in com.example.HumanEval_126Test
test_17(com.example.HumanEval_126Test)  Time elapsed: 0 s  <<< FAILURE!
java.lang.AssertionError
	at com.example.HumanEval_126Test.test_17(HumanEval_126Test.java:93)

