-------------------------------------------------------------------------------
Test set: com.example.HumanEval_62Test
-------------------------------------------------------------------------------
Tests run: 8, Failures: 0, Errors: 8, Skipped: 0, Time elapsed: 0 s <<< FAILURE! - in com.example.HumanEval_62Test
testDerivative1(com.example.HumanEval_62Test)  Time elapsed: 0 s  <<< ERROR!
java.lang.NoClassDefFoundError: com/example/HumanEval_62
	at com.example.HumanEval_62Test.testDerivative1(HumanEval_62Test.java:9)
Caused by: java.lang.ClassNotFoundException: com.example.HumanEval_62
	at com.example.HumanEval_62Test.testDerivative1(HumanEval_62Test.java:9)

testDerivative2(com.example.HumanEval_62Test)  Time elapsed: 0 s  <<< ERROR!
java.lang.NoClassDefFoundError: com/example/HumanEval_62
	at com.example.HumanEval_62Test.testDerivative2(HumanEval_62Test.java:14)

testDerivative3(com.example.HumanEval_62Test)  Time elapsed: 0 s  <<< ERROR!
java.lang.NoClassDefFoundError: com/example/HumanEval_62
	at com.example.HumanEval_62Test.testDerivative3(HumanEval_62Test.java:19)

testDerivative4(com.example.HumanEval_62Test)  Time elapsed: 0 s  <<< ERROR!
java.lang.NoClassDefFoundError: com/example/HumanEval_62
	at com.example.HumanEval_62Test.testDerivative4(HumanEval_62Test.java:24)

testDerivative5(com.example.HumanEval_62Test)  Time elapsed: 0 s  <<< ERROR!
java.lang.NoClassDefFoundError: com/example/HumanEval_62
	at com.example.HumanEval_62Test.testDerivative5(HumanEval_62Test.java:29)

testDerivative6(com.example.HumanEval_62Test)  Time elapsed: 0 s  <<< ERROR!
java.lang.NoClassDefFoundError: com/example/HumanEval_62
	at com.example.HumanEval_62Test.testDerivative6(HumanEval_62Test.java:34)

testDerivative7(com.example.HumanEval_62Test)  Time elapsed: 0 s  <<< ERROR!
java.lang.NoClassDefFoundError: com/example/HumanEval_62
	at com.example.HumanEval_62Test.testDerivative7(HumanEval_62Test.java:39)

testDerivative8(com.example.HumanEval_62Test)  Time elapsed: 0 s  <<< ERROR!
java.lang.NoClassDefFoundError: com/example/HumanEval_62
	at com.example.HumanEval_62Test.testDerivative8(HumanEval_62Test.java:44)

