-------------------------------------------------------------------------------
Test set: com.example.HumanEval_95Test
-------------------------------------------------------------------------------
Tests run: 10, Failures: 0, Errors: 10, Skipped: 0, Time elapsed: 0 s <<< FAILURE! - in com.example.HumanEval_95Test
test_10(com.example.HumanEval_95Test)  Time elapsed: 0 s  <<< ERROR!
java.lang.NoClassDefFoundError: com/example/HumanEval_95
	at com.example.HumanEval_95Test.test_10(HumanEval_95Test.java:57)
Caused by: java.lang.ClassNotFoundException: com.example.HumanEval_95
	at com.example.HumanEval_95Test.test_10(HumanEval_95Test.java:57)

test_12(com.example.HumanEval_95Test)  Time elapsed: 0 s  <<< ERROR!
java.lang.NoClassDefFoundError: com/example/HumanEval_95
	at com.example.HumanEval_95Test.test_12(HumanEval_95Test.java:63)

test_14(com.example.HumanEval_95Test)  Time elapsed: 0 s  <<< ERROR!
java.lang.NoClassDefFoundError: com/example/HumanEval_95
	at com.example.HumanEval_95Test.test_14(HumanEval_95Test.java:74)

test_16(com.example.HumanEval_95Test)  Time elapsed: 0 s  <<< ERROR!
java.lang.NoClassDefFoundError: com/example/HumanEval_95
	at com.example.HumanEval_95Test.test_16(HumanEval_95Test.java:85)

test_17(com.example.HumanEval_95Test)  Time elapsed: 0 s  <<< ERROR!
java.lang.NoClassDefFoundError: com/example/HumanEval_95
	at com.example.HumanEval_95Test.test_17(HumanEval_95Test.java:94)

test_0(com.example.HumanEval_95Test)  Time elapsed: 0 s  <<< ERROR!
java.lang.NoClassDefFoundError: com/example/HumanEval_95
	at com.example.HumanEval_95Test.test_0(HumanEval_95Test.java:14)

test_2(com.example.HumanEval_95Test)  Time elapsed: 0 s  <<< ERROR!
java.lang.NoClassDefFoundError: com/example/HumanEval_95
	at com.example.HumanEval_95Test.test_2(HumanEval_95Test.java:23)

test_4(com.example.HumanEval_95Test)  Time elapsed: 0 s  <<< ERROR!
java.lang.NoClassDefFoundError: com/example/HumanEval_95
	at com.example.HumanEval_95Test.test_4(HumanEval_95Test.java:32)

test_6(com.example.HumanEval_95Test)  Time elapsed: 0 s  <<< ERROR!
java.lang.NoClassDefFoundError: com/example/HumanEval_95
	at com.example.HumanEval_95Test.test_6(HumanEval_95Test.java:41)

test_8(com.example.HumanEval_95Test)  Time elapsed: 0 s  <<< ERROR!
java.lang.NoClassDefFoundError: com/example/HumanEval_95
	at com.example.HumanEval_95Test.test_8(HumanEval_95Test.java:49)

