-------------------------------------------------------------------------------
Test set: com.example.HumanEval_60Test
-------------------------------------------------------------------------------
Tests run: 18, Failures: 11, Errors: 0, Skipped: 0, Time elapsed: 0.001 s <<< FAILURE! - in com.example.HumanEval_60Test
test_11(com.example.HumanEval_60Test)  Time elapsed: 0 s  <<< FAILURE!
java.lang.AssertionError: expected:<500004500010> but was:<-359189974>
	at com.example.HumanEval_60Test.test_11(HumanEval_60Test.java:63)

test_12(com.example.HumanEval_60Test)  Time elapsed: 0 s  <<< FAILURE!
java.lang.AssertionError: expected:<500001500001> but was:<-362189983>
	at com.example.HumanEval_60Test.test_12(HumanEval_60Test.java:68)

test_13(com.example.HumanEval_60Test)  Time elapsed: 0 s  <<< FAILURE!
java.lang.AssertionError: expected:<500003500006> but was:<-360189978>
	at com.example.HumanEval_60Test.test_13(HumanEval_60Test.java:73)

test_14(com.example.HumanEval_60Test)  Time elapsed: 0 s  <<< FAILURE!
java.lang.AssertionError: expected:<499996500006> but was:<-367189978>
	at com.example.HumanEval_60Test.test_14(HumanEval_60Test.java:78)

test_15(com.example.HumanEval_60Test)  Time elapsed: 0 s  <<< FAILURE!
java.lang.AssertionError: expected:<500005500015> but was:<-358189969>
	at com.example.HumanEval_60Test.test_15(HumanEval_60Test.java:83)

test_16(com.example.HumanEval_60Test)  Time elapsed: 0 s  <<< FAILURE!
java.lang.AssertionError: expected:<500002500003> but was:<-361189981>
	at com.example.HumanEval_60Test.test_16(HumanEval_60Test.java:88)

test_17(com.example.HumanEval_60Test)  Time elapsed: 0 s  <<< FAILURE!
java.lang.AssertionError: expected:<499998500001> but was:<-365189983>
	at com.example.HumanEval_60Test.test_17(HumanEval_60Test.java:93)

test_6(com.example.HumanEval_60Test)  Time elapsed: 0 s  <<< FAILURE!
java.lang.AssertionError: expected:<500000500000> but was:<-363189984>
	at com.example.HumanEval_60Test.test_6(HumanEval_60Test.java:38)

test_7(com.example.HumanEval_60Test)  Time elapsed: 0 s  <<< FAILURE!
java.lang.AssertionError: expected:<499997500003> but was:<-366189981>
	at com.example.HumanEval_60Test.test_7(HumanEval_60Test.java:43)

test_8(com.example.HumanEval_60Test)  Time elapsed: 0.001 s  <<< FAILURE!
java.lang.AssertionError: expected:<500006500021> but was:<-357189963>
	at com.example.HumanEval_60Test.test_8(HumanEval_60Test.java:48)

test_9(com.example.HumanEval_60Test)  Time elapsed: 0 s  <<< FAILURE!
java.lang.AssertionError: expected:<499999500000> but was:<-364189984>
	at com.example.HumanEval_60Test.test_9(HumanEval_60Test.java:53)

