-------------------------------------------------------------------------------
Test set: com.example.HumanEval_46Test
-------------------------------------------------------------------------------
Tests run: 12, Failures: 1, Errors: 0, Skipped: 0, Time elapsed: 0.001 s <<< FAILURE! - in com.example.HumanEval_46Test
testFib4_11(com.example.HumanEval_46Test)  Time elapsed: 0 s  <<< FAILURE!
java.lang.AssertionError: expected:<71083647136> but was:<-1930796896>
	at com.example.HumanEval_46Test.testFib4_11(HumanEval_46Test.java:64)

