<?xml version="1.0" encoding="UTF-8"?>
<testsuite xmlns:xsi="http://www.w3.org/2001/XMLSchema-instance" xsi:noNamespaceSchemaLocation="https://maven.apache.org/surefire/maven-surefire-plugin/xsd/surefire-test-report.xsd" name="com.example.HumanEval_158Test" time="0" tests="17" errors="17" skipped="0" failures="0">
  <properties>
    <property name="gopherProxySet" value="false"/>
    <property name="awt.toolkit" value="sun.lwawt.macosx.LWCToolkit"/>
    <property name="java.specification.version" value="11"/>
    <property name="sun.cpu.isalist" value=""/>
    <property name="sun.jnu.encoding" value="UTF-8"/>
    <property name="java.class.path" value="/Users/alibrahimzada/Documents/ibm/llmempirical/evalplus/evalplus_java/target/test-classes:/Users/alibrahimzada/Documents/ibm/llmempirical/evalplus/evalplus_java/target/classes:/Users/alibrahimzada/.m2/repository/junit/junit/4.11/junit-4.11.jar:/Users/alibrahimzada/.m2/repository/org/hamcrest/hamcrest-core/1.3/hamcrest-core-1.3.jar:"/>
    <property name="java.vm.vendor" value="Homebrew"/>
    <property name="sun.arch.data.model" value="64"/>
    <property name="java.vendor.url" value="https://github.com/Homebrew/homebrew-core/issues"/>
    <property name="user.timezone" value=""/>
    <property name="java.vm.specification.version" value="11"/>
    <property name="os.name" value="Mac OS X"/>
    <property name="sun.java.launcher" value="SUN_STANDARD"/>
    <property name="user.country" value="US"/>
    <property name="sun.boot.library.path" value="/opt/homebrew/Cellar/openjdk@11/11.0.19/libexec/openjdk.jdk/Contents/Home/lib"/>
    <property name="sun.java.command" value="/Users/alibrahimzada/Documents/ibm/llmempirical/evalplus/evalplus_java/target/surefire/surefirebooter6052732100926489616.jar /Users/alibrahimzada/Documents/ibm/llmempirical/evalplus/evalplus_java/target/surefire 2023-07-25T11-43-44_620-jvmRun1 surefire16618021492207608731tmp surefire_07620586763903104396tmp"/>
    <property name="jdk.debug" value="release"/>
    <property name="surefire.test.class.path" value="/Users/alibrahimzada/Documents/ibm/llmempirical/evalplus/evalplus_java/target/test-classes:/Users/alibrahimzada/Documents/ibm/llmempirical/evalplus/evalplus_java/target/classes:/Users/alibrahimzada/.m2/repository/junit/junit/4.11/junit-4.11.jar:/Users/alibrahimzada/.m2/repository/org/hamcrest/hamcrest-core/1.3/hamcrest-core-1.3.jar:"/>
    <property name="sun.cpu.endian" value="little"/>
    <property name="user.home" value="/Users/alibrahimzada"/>
    <property name="user.language" value="en"/>
    <property name="java.specification.vendor" value="Oracle Corporation"/>
    <property name="java.version.date" value="2023-04-18"/>
    <property name="java.home" value="/opt/homebrew/Cellar/openjdk@11/11.0.19/libexec/openjdk.jdk/Contents/Home"/>
    <property name="file.separator" value="/"/>
    <property name="basedir" value="/Users/alibrahimzada/Documents/ibm/llmempirical/evalplus/evalplus_java"/>
    <property name="java.vm.compressedOopsMode" value="Zero based"/>
    <property name="line.separator" value="&#10;"/>
    <property name="java.specification.name" value="Java Platform API Specification"/>
    <property name="java.vm.specification.vendor" value="Oracle Corporation"/>
    <property name="java.awt.graphicsenv" value="sun.awt.CGraphicsEnvironment"/>
    <property name="surefire.real.class.path" value="/Users/alibrahimzada/Documents/ibm/llmempirical/evalplus/evalplus_java/target/surefire/surefirebooter6052732100926489616.jar"/>
    <property name="sun.management.compiler" value="HotSpot 64-Bit Tiered Compilers"/>
    <property name="java.runtime.version" value="11.0.19+0"/>
    <property name="user.name" value="alibrahimzada"/>
    <property name="path.separator" value=":"/>
    <property name="os.version" value="13.4.1"/>
    <property name="java.runtime.name" value="OpenJDK Runtime Environment"/>
    <property name="file.encoding" value="UTF-8"/>
    <property name="java.vm.name" value="OpenJDK 64-Bit Server VM"/>
    <property name="java.vendor.version" value="Homebrew"/>
    <property name="localRepository" value="/Users/alibrahimzada/.m2/repository"/>
    <property name="java.vendor.url.bug" value="https://github.com/Homebrew/homebrew-core/issues"/>
    <property name="java.io.tmpdir" value="/var/folders/7v/x94xqh117b57n4p7hr_3whs80000gn/T/"/>
    <property name="java.version" value="11.0.19"/>
    <property name="user.dir" value="/Users/alibrahimzada/Documents/ibm/llmempirical/evalplus/evalplus_java"/>
    <property name="os.arch" value="aarch64"/>
    <property name="java.vm.specification.name" value="Java Virtual Machine Specification"/>
    <property name="java.awt.printerjob" value="sun.lwawt.macosx.CPrinterJob"/>
    <property name="sun.os.patch.level" value="unknown"/>
    <property name="java.library.path" value="/Users/alibrahimzada/Library/Java/Extensions:/Library/Java/Extensions:/Network/Library/Java/Extensions:/System/Library/Java/Extensions:/usr/lib/java:."/>
    <property name="java.vm.info" value="mixed mode"/>
    <property name="java.vendor" value="Homebrew"/>
    <property name="java.vm.version" value="11.0.19+0"/>
    <property name="sun.io.unicode.encoding" value="UnicodeBig"/>
    <property name="java.class.version" value="55.0"/>
    <property name="maven.test.failure.ignore" value="true"/>
  </properties>
  <testcase name="test10" classname="com.example.HumanEval_158Test" time="0">
    <error message="com/example/HumanEval_158" type="java.lang.NoClassDefFoundError">java.lang.NoClassDefFoundError: com/example/HumanEval_158
	at com.example.HumanEval_158Test.test10(HumanEval_158Test.java:63)
Caused by: java.lang.ClassNotFoundException: com.example.HumanEval_158
	at com.example.HumanEval_158Test.test10(HumanEval_158Test.java:63)
</error>
  </testcase>
  <testcase name="test11" classname="com.example.HumanEval_158Test" time="0">
    <error message="com/example/HumanEval_158" type="java.lang.NoClassDefFoundError">java.lang.NoClassDefFoundError: com/example/HumanEval_158
	at com.example.HumanEval_158Test.test11(HumanEval_158Test.java:69)
</error>
  </testcase>
  <testcase name="test12" classname="com.example.HumanEval_158Test" time="0">
    <error message="com/example/HumanEval_158" type="java.lang.NoClassDefFoundError">java.lang.NoClassDefFoundError: com/example/HumanEval_158
	at com.example.HumanEval_158Test.test12(HumanEval_158Test.java:75)
</error>
  </testcase>
  <testcase name="test13" classname="com.example.HumanEval_158Test" time="0">
    <error message="com/example/HumanEval_158" type="java.lang.NoClassDefFoundError">java.lang.NoClassDefFoundError: com/example/HumanEval_158
	at com.example.HumanEval_158Test.test13(HumanEval_158Test.java:81)
</error>
  </testcase>
  <testcase name="test14" classname="com.example.HumanEval_158Test" time="0">
    <error message="com/example/HumanEval_158" type="java.lang.NoClassDefFoundError">java.lang.NoClassDefFoundError: com/example/HumanEval_158
	at com.example.HumanEval_158Test.test14(HumanEval_158Test.java:87)
</error>
  </testcase>
  <testcase name="test15" classname="com.example.HumanEval_158Test" time="0">
    <error message="com/example/HumanEval_158" type="java.lang.NoClassDefFoundError">java.lang.NoClassDefFoundError: com/example/HumanEval_158
	at com.example.HumanEval_158Test.test15(HumanEval_158Test.java:93)
</error>
  </testcase>
  <testcase name="test16" classname="com.example.HumanEval_158Test" time="0">
    <error message="com/example/HumanEval_158" type="java.lang.NoClassDefFoundError">java.lang.NoClassDefFoundError: com/example/HumanEval_158
	at com.example.HumanEval_158Test.test16(HumanEval_158Test.java:99)
</error>
  </testcase>
  <testcase name="test17" classname="com.example.HumanEval_158Test" time="0">
    <error message="com/example/HumanEval_158" type="java.lang.NoClassDefFoundError">java.lang.NoClassDefFoundError: com/example/HumanEval_158
	at com.example.HumanEval_158Test.test17(HumanEval_158Test.java:105)
</error>
  </testcase>
  <testcase name="test1" classname="com.example.HumanEval_158Test" time="0">
    <error message="com/example/HumanEval_158" type="java.lang.NoClassDefFoundError">java.lang.NoClassDefFoundError: com/example/HumanEval_158
	at com.example.HumanEval_158Test.test1(HumanEval_158Test.java:9)
</error>
  </testcase>
  <testcase name="test2" classname="com.example.HumanEval_158Test" time="0">
    <error message="com/example/HumanEval_158" type="java.lang.NoClassDefFoundError">java.lang.NoClassDefFoundError: com/example/HumanEval_158
	at com.example.HumanEval_158Test.test2(HumanEval_158Test.java:15)
</error>
  </testcase>
  <testcase name="test3" classname="com.example.HumanEval_158Test" time="0">
    <error message="com/example/HumanEval_158" type="java.lang.NoClassDefFoundError">java.lang.NoClassDefFoundError: com/example/HumanEval_158
	at com.example.HumanEval_158Test.test3(HumanEval_158Test.java:21)
</error>
  </testcase>
  <testcase name="test4" classname="com.example.HumanEval_158Test" time="0">
    <error message="com/example/HumanEval_158" type="java.lang.NoClassDefFoundError">java.lang.NoClassDefFoundError: com/example/HumanEval_158
	at com.example.HumanEval_158Test.test4(HumanEval_158Test.java:27)
</error>
  </testcase>
  <testcase name="test5" classname="com.example.HumanEval_158Test" time="0">
    <error message="com/example/HumanEval_158" type="java.lang.NoClassDefFoundError">java.lang.NoClassDefFoundError: com/example/HumanEval_158
	at com.example.HumanEval_158Test.test5(HumanEval_158Test.java:33)
</error>
  </testcase>
  <testcase name="test6" classname="com.example.HumanEval_158Test" time="0">
    <error message="com/example/HumanEval_158" type="java.lang.NoClassDefFoundError">java.lang.NoClassDefFoundError: com/example/HumanEval_158
	at com.example.HumanEval_158Test.test6(HumanEval_158Test.java:39)
</error>
  </testcase>
  <testcase name="test7" classname="com.example.HumanEval_158Test" time="0">
    <error message="com/example/HumanEval_158" type="java.lang.NoClassDefFoundError">java.lang.NoClassDefFoundError: com/example/HumanEval_158
	at com.example.HumanEval_158Test.test7(HumanEval_158Test.java:45)
</error>
  </testcase>
  <testcase name="test8" classname="com.example.HumanEval_158Test" time="0">
    <error message="com/example/HumanEval_158" type="java.lang.NoClassDefFoundError">java.lang.NoClassDefFoundError: com/example/HumanEval_158
	at com.example.HumanEval_158Test.test8(HumanEval_158Test.java:51)
</error>
  </testcase>
  <testcase name="test9" classname="com.example.HumanEval_158Test" time="0">
    <error message="com/example/HumanEval_158" type="java.lang.NoClassDefFoundError">java.lang.NoClassDefFoundError: com/example/HumanEval_158
	at com.example.HumanEval_158Test.test9(HumanEval_158Test.java:57)
</error>
  </testcase>
</testsuite>